2020-07-21 07:57:23,314 INFO  [org.jboss.modules] (main) JBoss Modules version 1.9.1.Final-redhat-00001
2020-07-21 07:57:23,595 INFO  [org.jboss.msc] (main) JBoss MSC version 1.4.11.Final-redhat-00001
2020-07-21 07:57:23,595 INFO  [org.jboss.threads] (main) JBoss Threads version 2.3.3.Final-redhat-00001
2020-07-21 07:57:24,047 INFO  [org.jboss.as] (MSC service thread 1-1) WFLYSRV0049: JBoss EAP 7.3.0.GA (WildFly Core 10.1.2.Final-redhat-00001) starting
2020-07-21 07:57:24,047 DEBUG [org.jboss.as.config] (MSC service thread 1-1) Configured system properties:
	[Server:server-two] = 
	[pcid:1825549948] = 
	awt.toolkit = sun.awt.windows.WToolkit
	file.encoding = Cp1252
	file.encoding.pkg = sun.io
	file.separator = \
	java.awt.graphicsenv = sun.awt.Win32GraphicsEnvironment
	java.awt.printerjob = sun.awt.windows.WPrinterJob
	java.class.path = D:\clustering\jboss\jboss-modules.jar
	java.class.version = 52.0
	java.endorsed.dirs = D:\Program Files\Java\JDK\jre\lib\endorsed
	java.ext.dirs = D:\Program Files\Java\JDK\jre\lib\ext;C:\Windows\Sun\Java\lib\ext
	java.home = D:\Program Files\Java\JDK\jre
	java.io.tmpdir = C:\Users\ecneb\AppData\Local\Temp\
	java.library.path = D:\Program Files\Java\JDK\bin;C:\Windows\Sun\Java\bin;C:\Windows\system32;C:\Windows;C:\Windows;C:\Windows\system32;C:\Windows\System32\Wbem;C:\Windows\System32\WindowsPowerShell\v1.0\;C:\Program Files (x86)\Intel\iCLS Client\;C:\Program Files\Intel\iCLS Client\;C:\Program Files\Intel\WiFi\bin\;C:\Program Files\Common Files\Intel\WirelessCommon\;C:\Program Files (x86)\Intel\Intel(R) Management Engine Components\DAL;C:\Program Files\Intel\Intel(R) Management Engine Components\DAL;C:\Program Files (x86)\Intel\Intel(R) Management Engine Components\IPT;C:\Program Files\Intel\Intel(R) Management Engine Components\IPT;C:\Program Files (x86)\NVIDIA Corporation\PhysX\Common;C:\Program Files (x86)\Common Files\Oracle\Java\javapath;D:\Cygwin\bin;C:\Program Files\Git\bin;D:\Program Files\WinSCP\WinSCP\;D:\PUTTY\;D:\Program Files\Java\JDK\bin;D:\Program Files\Java\JRE\bin;D:\Apache Tomcat\Apache Tomcat 8.0.27\bin;D:\GlashFish\glassfish-4.1.1\bin;D:\Apache Maven\bin;C:\ProgramData\ComposerSetup\bin;D:\Program Files\NodeJS\;D:\Ruby\Ruby26-x64\bin;D:\XAMPP\php;D:\XAMPP\mysql\bin;D:\Redis\;D:\Program Files\Docker\Docker Toolbox;D:\Android\emulator;D:\Android\platform-tools;D:\Android\tools\bin;C:\ProgramData\chocolatey\bin;D:\Program Files\MATLAB\runtime\win64;D:\Program Files\MATLAB\bin;D:\Program Files\wkhtmltopdf\bin;D:\Python\Scripts\;D:\Python\;C:\Users\ecneb\AppData\Local\Programs\Python\Launcher\;C:\Program Files\Intel\WiFi\bin\;C:\Program Files\Common Files\Intel\WirelessCommon\;C:\Users\ecneb\AppData\Roaming\npm;C:\Users\ecneb\AppData\Local\GitHubDesktop\bin;C:\Users\ecneb\AppData\Roaming\Composer\vendor\bin;D:\Program Files\VS Code\Microsoft VS Code\bin;;.
	java.net.preferIPv4Stack = true
	java.runtime.name = Java(TM) SE Runtime Environment
	java.runtime.version = 1.8.0_191-b12
	java.specification.name = Java Platform API Specification
	java.specification.vendor = Oracle Corporation
	java.specification.version = 1.8
	java.util.logging.manager = org.jboss.logmanager.LogManager
	java.vendor = Oracle Corporation
	java.vendor.url = http://java.oracle.com/
	java.vendor.url.bug = http://bugreport.sun.com/bugreport/
	java.version = 1.8.0_191
	java.vm.info = mixed mode
	java.vm.name = Java HotSpot(TM) 64-Bit Server VM
	java.vm.specification.name = Java Virtual Machine Specification
	java.vm.specification.vendor = Oracle Corporation
	java.vm.specification.version = 1.8
	java.vm.vendor = Oracle Corporation
	java.vm.version = 25.191-b12
	javax.management.builder.initial = org.jboss.as.jmx.PluggableMBeanServerBuilder
	jboss.domain.base.dir = D:\clustering\jboss\domain
	jboss.domain.config.dir = D:\clustering\jboss\domain\configuration
	jboss.domain.master.address = 127.0.0.239
	jboss.home.dir = D:\clustering\jboss
	jboss.host.name = performance-pc
	jboss.modules.dir = D:\clustering\jboss\modules
	jboss.modules.system.pkgs = org.jboss.byteman
	jboss.node.name = performance-pc:server-two
	jboss.qualified.host.name = performance-pc
	jboss.server.base.dir = D:\clustering\jboss\domain\servers\server-two
	jboss.server.config.dir = D:\clustering\jboss\domain\servers\server-two\configuration
	jboss.server.data.dir = D:\clustering\jboss\domain\servers\server-two\data
	jboss.server.deploy.dir = D:\clustering\jboss\domain\servers\server-two\data\content
	jboss.server.log.dir = D:\clustering\jboss\domain\servers\server-two\log
	jboss.server.name = server-two
	jboss.server.persist.config = true
	jboss.server.temp.dir = D:\clustering\jboss\domain\servers\server-two\tmp
	line.separator = 

	logging.configuration = file:/D:/clustering/jboss/domain/configuration/default-server-logging.properties
	module.path = D:\clustering\jboss\modules
	org.jboss.boot.log.file = D:\clustering\jboss\domain\servers\server-two\log\server.log
	org.jboss.resolver.warning = true
	os.arch = amd64
	os.name = Windows 7
	os.version = 6.1
	path.separator = ;
	sun.arch.data.model = 64
	sun.boot.class.path = D:\Program Files\Java\JDK\jre\lib\resources.jar;D:\Program Files\Java\JDK\jre\lib\rt.jar;D:\Program Files\Java\JDK\jre\lib\sunrsasign.jar;D:\Program Files\Java\JDK\jre\lib\jsse.jar;D:\Program Files\Java\JDK\jre\lib\jce.jar;D:\Program Files\Java\JDK\jre\lib\charsets.jar;D:\Program Files\Java\JDK\jre\lib\jfr.jar;D:\Program Files\Java\JDK\jre\classes
	sun.boot.library.path = D:\Program Files\Java\JDK\jre\bin
	sun.cpu.endian = little
	sun.cpu.isalist = amd64
	sun.desktop = windows
	sun.io.unicode.encoding = UnicodeLittle
	sun.java.command = D:\clustering\jboss\jboss-modules.jar -mp D:\clustering\jboss\modules org.jboss.as.server
	sun.java.launcher = SUN_STANDARD
	sun.jnu.encoding = Cp1252
	sun.management.compiler = HotSpot 64-Bit Tiered Compilers
	sun.os.patch.level = Service Pack 1
	user.country = US
	user.dir = D:\clustering\jboss
	user.home = C:\Users\ecneb
	user.language = en
	user.name = ecneb
	user.script = 
	user.timezone = Europe/Prague
	user.variant = 
2020-07-21 07:57:24,047 DEBUG [org.jboss.as.config] (MSC service thread 1-1) VM Arguments: -D[Server:server-two] -D[pcid:1825549948] -Xms64m -Xmx256m -Djava.net.preferIPv4Stack=true -Djboss.domain.master.address=127.0.0.239 -Djboss.home.dir=D:\clustering\jboss -Djboss.modules.system.pkgs=org.jboss.byteman -Djboss.server.log.dir=D:\clustering\jboss\domain\servers\server-two\log -Djboss.server.temp.dir=D:\clustering\jboss\domain\servers\server-two\tmp -Djboss.server.data.dir=D:\clustering\jboss\domain\servers\server-two\data -Dorg.jboss.boot.log.file=D:\clustering\jboss\domain\servers\server-two\log\server.log -Dlogging.configuration=file:/D:/clustering/jboss/domain/configuration/default-server-logging.properties 
2020-07-21 07:57:24,110 INFO  [org.xnio] (MSC service thread 1-8) XNIO version 3.7.7.Final-redhat-00001
2020-07-21 07:57:24,125 INFO  [org.xnio.nio] (MSC service thread 1-8) XNIO NIO Implementation Version 3.7.7.Final-redhat-00001
2020-07-21 07:57:24,157 INFO  [org.jboss.remoting] (MSC service thread 1-2) JBoss Remoting version 5.0.16.Final-redhat-00001
2020-07-21 07:57:24,781 INFO  [org.wildfly.security] (ServerService Thread Pool -- 2) ELY00001: WildFly Elytron version 1.10.4.Final-redhat-00001
2020-07-21 07:57:32,362 INFO  [org.jboss.as.controller.management-deprecated] (ServerService Thread Pool -- 29) WFLYCTL0028: Attribute 'security-realm' in the resource at address '/subsystem=undertow/server=default-server/https-listener=https' is deprecated, and may be removed in a future version. See the attribute description in the output of the read-resource-description operation to learn more about the deprecation.
2020-07-21 07:57:32,518 INFO  [org.wildfly.extension.microprofile.opentracing] (ServerService Thread Pool -- 61) WFLYTRACEXT0001: Activating MicroProfile OpenTracing Subsystem
2020-07-21 07:57:32,518 INFO  [org.jboss.as.security] (ServerService Thread Pool -- 69) WFLYSEC0002: Activating Security Subsystem
2020-07-21 07:57:32,534 INFO  [org.jboss.as.jaxrs] (ServerService Thread Pool -- 52) WFLYRS0016: RESTEasy version 3.9.3.SP1-redhat-00001
2020-07-21 07:57:32,534 WARN  [org.jboss.as.txn] (ServerService Thread Pool -- 72) WFLYTX0013: The node-identifier attribute on the /subsystem=transactions is set to the default value. This is a danger for environments running multiple servers. Please make sure the attribute value is unique.
2020-07-21 07:57:32,549 INFO  [org.wildfly.extension.microprofile.config.smallrye._private] (ServerService Thread Pool -- 60) WFLYCONF0001: Activating WildFly MicroProfile Config Subsystem
2020-07-21 07:57:32,534 INFO  [org.jboss.as.security] (MSC service thread 1-5) WFLYSEC0001: Current PicketBox version=5.0.3.Final-redhat-00005
2020-07-21 07:57:32,549 INFO  [org.jboss.as.clustering.infinispan] (ServerService Thread Pool -- 50) WFLYCLINF0001: Activating Infinispan subsystem.
2020-07-21 07:57:32,549 INFO  [org.jboss.as.clustering.jgroups] (ServerService Thread Pool -- 55) WFLYCLJG0001: Activating JGroups subsystem. JGroups version 4.1.4
2020-07-21 07:57:32,565 INFO  [org.jboss.as.webservices] (ServerService Thread Pool -- 74) WFLYWS0002: Activating WebServices Extension
2020-07-21 07:57:32,565 INFO  [org.wildfly.extension.io] (ServerService Thread Pool -- 51) WFLYIO001: Worker 'default' has auto-configured to 8 core threads with 64 task threads based on your 4 available processors
2020-07-21 07:57:32,565 INFO  [org.wildfly.extension.undertow] (ServerService Thread Pool -- 73) WFLYUT0014: Creating file handler for path 'D:\clustering\jboss/welcome-content' with options [directory-listing: 'false', follow-symlink: 'false', case-sensitive: 'true', safe-symlink-paths: '[]']
2020-07-21 07:57:32,581 INFO  [org.jboss.as.naming] (ServerService Thread Pool -- 63) WFLYNAM0001: Activating Naming Subsystem
2020-07-21 07:57:32,581 INFO  [org.wildfly.extension.undertow] (MSC service thread 1-1) WFLYUT0003: Undertow 2.0.28.SP1-redhat-00001 starting
2020-07-21 07:57:32,581 INFO  [org.jboss.as.jsf] (ServerService Thread Pool -- 58) WFLYJSF0007: Activated the following JSF Implementations: [main]
2020-07-21 07:57:32,612 INFO  [org.jboss.as.connector.subsystems.datasources] (ServerService Thread Pool -- 43) WFLYJCA0004: Deploying JDBC-compliant driver class org.h2.Driver (version 1.4)
2020-07-21 07:57:32,659 INFO  [org.jboss.as.connector] (MSC service thread 1-1) WFLYJCA0009: Starting JCA Subsystem (WildFly/IronJacamar 1.4.19.Final-redhat-00001)
2020-07-21 07:57:32,674 INFO  [org.jboss.as.naming] (MSC service thread 1-1) WFLYNAM0003: Starting Naming Service
2020-07-21 07:57:32,690 INFO  [org.jboss.as.connector.deployers.jdbc] (MSC service thread 1-1) WFLYJCA0018: Started Driver service with driver-name = h2
2020-07-21 07:57:32,721 INFO  [org.jboss.as.mail.extension] (MSC service thread 1-7) WFLYMAIL0001: Bound mail session [java:jboss/mail/Default]
2020-07-21 07:57:33,080 INFO  [org.wildfly.extension.undertow] (MSC service thread 1-1) WFLYUT0012: Started server default-server.
2020-07-21 07:57:33,080 INFO  [org.wildfly.extension.undertow] (MSC service thread 1-1) WFLYUT0018: Host default-host starting
2020-07-21 07:57:33,095 INFO  [org.jboss.as.ejb3] (MSC service thread 1-4) WFLYEJB0482: Strict pool mdb-strict-max-pool is using a max instance size of 16 (per class), which is derived from the number of CPUs on this host.
2020-07-21 07:57:33,095 INFO  [org.jboss.as.ejb3] (MSC service thread 1-3) WFLYEJB0481: Strict pool slsb-strict-max-pool is using a max instance size of 64 (per class), which is derived from thread worker pool sizing.
2020-07-21 07:57:33,251 INFO  [org.jboss.as.patching] (MSC service thread 1-3) WFLYPAT0050: JBoss EAP cumulative patch ID is: base, one-off patches include: none
2020-07-21 07:57:33,267 WARN  [org.jboss.as.domain.management.security] (MSC service thread 1-4) WFLYDM0111: Keystore D:\clustering\jboss\domain\configuration\application.keystore not found, it will be auto generated on first use with a self signed certificate for host localhost
2020-07-21 07:57:33,517 INFO  [org.wildfly.extension.undertow] (MSC service thread 1-2) WFLYUT0006: Undertow AJP listener ajp listening on 127.0.0.250:8159
2020-07-21 07:57:33,517 INFO  [org.wildfly.extension.undertow] (MSC service thread 1-6) WFLYUT0006: Undertow HTTP listener default listening on 127.0.0.250:8230
2020-07-21 07:57:33,548 INFO  [org.wildfly.extension.undertow] (MSC service thread 1-1) WFLYUT0006: Undertow HTTPS listener https listening on 127.0.0.250:8593
2020-07-21 07:57:33,548 INFO  [org.jboss.modcluster] (ServerService Thread Pool -- 76) MODCLUSTER000001: Initializing mod_cluster version 1.4.1.Final-redhat-00001
2020-07-21 07:57:33,563 INFO  [org.jboss.modcluster] (ServerService Thread Pool -- 76) MODCLUSTER000032: Listening to proxy advertisements on /224.0.1.105:23364
2020-07-21 07:57:33,579 INFO  [org.jboss.as.ejb3] (MSC service thread 1-7) WFLYEJB0493: EJB subsystem suspension complete
2020-07-21 07:57:33,626 INFO  [org.jboss.ws.common.management] (MSC service thread 1-4) JBWS022052: Starting JBossWS 5.3.0.Final-redhat-00001 (Apache CXF 3.3.4.redhat-00001) 
2020-07-21 07:57:33,641 INFO  [org.jboss.as.connector.subsystems.datasources] (MSC service thread 1-1) WFLYJCA0001: Bound data source [java:jboss/datasources/ExampleDS]
2020-07-21 07:57:33,688 INFO  [org.jboss.as.server] (Controller Boot Thread) WFLYSRV0212: Resuming server
2020-07-21 07:57:33,704 INFO  [org.jboss.as] (Controller Boot Thread) WFLYSRV0025: JBoss EAP 7.3.0.GA (WildFly Core 10.1.2.Final-redhat-00001) started in 10764ms - Started 307 of 646 services (446 services are lazy, passive or on-demand)
2020-07-21 08:03:53,648 INFO  [org.jboss.as.server] (main) WFLYSRV0240: ProcessController has signalled to shut down; shutting down
2020-07-21 08:03:53,663 INFO  [org.jboss.as.server] (Thread-2) WFLYSRV0272: Suspending server
2020-07-21 08:03:53,663 INFO  [org.jboss.as.ejb3] (Thread-2) WFLYEJB0493: EJB subsystem suspension complete
2020-07-21 08:03:53,679 INFO  [org.jboss.as.mail.extension] (MSC service thread 1-6) WFLYMAIL0002: Unbound mail session [java:jboss/mail/Default]
2020-07-21 08:03:53,679 INFO  [org.jboss.as.connector.subsystems.datasources] (MSC service thread 1-5) WFLYJCA0010: Unbound data source [java:jboss/datasources/ExampleDS]
2020-07-21 08:03:53,679 INFO  [org.wildfly.extension.undertow] (MSC service thread 1-2) WFLYUT0008: Undertow HTTPS listener https suspending
2020-07-21 08:03:53,679 INFO  [org.wildfly.extension.undertow] (MSC service thread 1-3) WFLYUT0008: Undertow HTTP listener default suspending
2020-07-21 08:03:53,679 INFO  [org.wildfly.extension.undertow] (MSC service thread 1-2) WFLYUT0007: Undertow HTTPS listener https stopped, was bound to 127.0.0.250:8593
2020-07-21 08:03:53,679 INFO  [org.wildfly.extension.undertow] (MSC service thread 1-1) WFLYUT0008: Undertow AJP listener ajp suspending
2020-07-21 08:03:53,679 INFO  [org.wildfly.extension.undertow] (MSC service thread 1-3) WFLYUT0007: Undertow HTTP listener default stopped, was bound to 127.0.0.250:8230
2020-07-21 08:03:53,679 INFO  [org.jboss.modcluster] (ServerService Thread Pool -- 12) MODCLUSTER000002: Initiating mod_cluster shutdown
2020-07-21 08:03:53,679 INFO  [org.wildfly.extension.undertow] (MSC service thread 1-1) WFLYUT0007: Undertow AJP listener ajp stopped, was bound to 127.0.0.250:8159
2020-07-21 08:03:53,679 INFO  [org.wildfly.extension.undertow] (MSC service thread 1-6) WFLYUT0019: Host default-host stopping
2020-07-21 08:03:53,679 INFO  [org.wildfly.extension.undertow] (MSC service thread 1-5) WFLYUT0004: Undertow 2.0.28.SP1-redhat-00001 stopping
2020-07-21 08:03:53,694 INFO  [org.jboss.as.connector.deployers.jdbc] (MSC service thread 1-3) WFLYJCA0019: Stopped Driver service with driver-name = h2
2020-07-21 08:03:53,726 INFO  [org.jboss.as] (MSC service thread 1-5) WFLYSRV0050: JBoss EAP 7.3.0.GA (WildFly Core 10.1.2.Final-redhat-00001) stopped in 73ms
2020-07-21 08:08:19,202 INFO  [org.jboss.modules] (main) JBoss Modules version 1.9.1.Final-redhat-00001
2020-07-21 08:08:19,467 INFO  [org.jboss.msc] (main) JBoss MSC version 1.4.11.Final-redhat-00001
2020-07-21 08:08:19,483 INFO  [org.jboss.threads] (main) JBoss Threads version 2.3.3.Final-redhat-00001
2020-07-21 08:08:19,623 INFO  [org.jboss.as] (MSC service thread 1-2) WFLYSRV0049: JBoss EAP 7.3.0.GA (WildFly Core 10.1.2.Final-redhat-00001) starting
2020-07-21 08:08:19,623 DEBUG [org.jboss.as.config] (MSC service thread 1-2) Configured system properties:
	[Server:server-two] = 
	[pcid:1658827673] = 
	awt.toolkit = sun.awt.windows.WToolkit
	file.encoding = Cp1252
	file.encoding.pkg = sun.io
	file.separator = \
	java.awt.graphicsenv = sun.awt.Win32GraphicsEnvironment
	java.awt.printerjob = sun.awt.windows.WPrinterJob
	java.class.path = D:\clustering\jboss\jboss-modules.jar
	java.class.version = 52.0
	java.endorsed.dirs = D:\Program Files\Java\JDK\jre\lib\endorsed
	java.ext.dirs = D:\Program Files\Java\JDK\jre\lib\ext;C:\Windows\Sun\Java\lib\ext
	java.home = D:\Program Files\Java\JDK\jre
	java.io.tmpdir = C:\Users\ecneb\AppData\Local\Temp\
	java.library.path = D:\Program Files\Java\JDK\bin;C:\Windows\Sun\Java\bin;C:\Windows\system32;C:\Windows;C:\Windows;C:\Windows\system32;C:\Windows\System32\Wbem;C:\Windows\System32\WindowsPowerShell\v1.0\;C:\Program Files (x86)\Intel\iCLS Client\;C:\Program Files\Intel\iCLS Client\;C:\Program Files\Intel\WiFi\bin\;C:\Program Files\Common Files\Intel\WirelessCommon\;C:\Program Files (x86)\Intel\Intel(R) Management Engine Components\DAL;C:\Program Files\Intel\Intel(R) Management Engine Components\DAL;C:\Program Files (x86)\Intel\Intel(R) Management Engine Components\IPT;C:\Program Files\Intel\Intel(R) Management Engine Components\IPT;C:\Program Files (x86)\NVIDIA Corporation\PhysX\Common;C:\Program Files (x86)\Common Files\Oracle\Java\javapath;D:\Cygwin\bin;C:\Program Files\Git\bin;D:\Program Files\WinSCP\WinSCP\;D:\PUTTY\;D:\Program Files\Java\JDK\bin;D:\Program Files\Java\JRE\bin;D:\Apache Tomcat\Apache Tomcat 8.0.27\bin;D:\GlashFish\glassfish-4.1.1\bin;D:\Apache Maven\bin;C:\ProgramData\ComposerSetup\bin;D:\Program Files\NodeJS\;D:\Ruby\Ruby26-x64\bin;D:\XAMPP\php;D:\XAMPP\mysql\bin;D:\Redis\;D:\Program Files\Docker\Docker Toolbox;D:\Android\emulator;D:\Android\platform-tools;D:\Android\tools\bin;C:\ProgramData\chocolatey\bin;D:\Program Files\MATLAB\runtime\win64;D:\Program Files\MATLAB\bin;D:\Program Files\wkhtmltopdf\bin;D:\Python\Scripts\;D:\Python\;C:\Users\ecneb\AppData\Local\Programs\Python\Launcher\;C:\Program Files\Intel\WiFi\bin\;C:\Program Files\Common Files\Intel\WirelessCommon\;C:\Users\ecneb\AppData\Roaming\npm;C:\Users\ecneb\AppData\Local\GitHubDesktop\bin;C:\Users\ecneb\AppData\Roaming\Composer\vendor\bin;D:\Program Files\VS Code\Microsoft VS Code\bin;;.
	java.net.preferIPv4Stack = true
	java.runtime.name = Java(TM) SE Runtime Environment
	java.runtime.version = 1.8.0_191-b12
	java.specification.name = Java Platform API Specification
	java.specification.vendor = Oracle Corporation
	java.specification.version = 1.8
	java.util.logging.manager = org.jboss.logmanager.LogManager
	java.vendor = Oracle Corporation
	java.vendor.url = http://java.oracle.com/
	java.vendor.url.bug = http://bugreport.sun.com/bugreport/
	java.version = 1.8.0_191
	java.vm.info = mixed mode
	java.vm.name = Java HotSpot(TM) 64-Bit Server VM
	java.vm.specification.name = Java Virtual Machine Specification
	java.vm.specification.vendor = Oracle Corporation
	java.vm.specification.version = 1.8
	java.vm.vendor = Oracle Corporation
	java.vm.version = 25.191-b12
	javax.management.builder.initial = org.jboss.as.jmx.PluggableMBeanServerBuilder
	jboss.domain.base.dir = D:\clustering\jboss\domain
	jboss.domain.config.dir = D:\clustering\jboss\domain\configuration
	jboss.domain.master.address = 127.0.0.239
	jboss.home.dir = D:\clustering\jboss
	jboss.host.name = performance-pc
	jboss.modules.dir = D:\clustering\jboss\modules
	jboss.modules.system.pkgs = org.jboss.byteman
	jboss.node.name = performance-pc:server-two
	jboss.qualified.host.name = performance-pc
	jboss.server.base.dir = D:\clustering\jboss\domain\servers\server-two
	jboss.server.config.dir = D:\clustering\jboss\domain\servers\server-two\configuration
	jboss.server.data.dir = D:\clustering\jboss\domain\servers\server-two\data
	jboss.server.deploy.dir = D:\clustering\jboss\domain\servers\server-two\data\content
	jboss.server.log.dir = D:\clustering\jboss\domain\servers\server-two\log
	jboss.server.name = server-two
	jboss.server.persist.config = true
	jboss.server.temp.dir = D:\clustering\jboss\domain\servers\server-two\tmp
	line.separator = 

	logging.configuration = file:/D:/clustering/jboss/domain/servers/server-two/data/logging.properties
	module.path = D:\clustering\jboss\modules
	org.jboss.resolver.warning = true
	os.arch = amd64
	os.name = Windows 7
	os.version = 6.1
	path.separator = ;
	sun.arch.data.model = 64
	sun.boot.class.path = D:\Program Files\Java\JDK\jre\lib\resources.jar;D:\Program Files\Java\JDK\jre\lib\rt.jar;D:\Program Files\Java\JDK\jre\lib\sunrsasign.jar;D:\Program Files\Java\JDK\jre\lib\jsse.jar;D:\Program Files\Java\JDK\jre\lib\jce.jar;D:\Program Files\Java\JDK\jre\lib\charsets.jar;D:\Program Files\Java\JDK\jre\lib\jfr.jar;D:\Program Files\Java\JDK\jre\classes
	sun.boot.library.path = D:\Program Files\Java\JDK\jre\bin
	sun.cpu.endian = little
	sun.cpu.isalist = amd64
	sun.desktop = windows
	sun.io.unicode.encoding = UnicodeLittle
	sun.java.command = D:\clustering\jboss\jboss-modules.jar -mp D:\clustering\jboss\modules org.jboss.as.server
	sun.java.launcher = SUN_STANDARD
	sun.jnu.encoding = Cp1252
	sun.management.compiler = HotSpot 64-Bit Tiered Compilers
	sun.os.patch.level = Service Pack 1
	user.country = US
	user.dir = D:\clustering\jboss
	user.home = C:\Users\ecneb
	user.language = en
	user.name = ecneb
	user.script = 
	user.timezone = Europe/Prague
	user.variant = 
2020-07-21 08:08:19,623 DEBUG [org.jboss.as.config] (MSC service thread 1-2) VM Arguments: -D[Server:server-two] -D[pcid:1658827673] -Xms64m -Xmx256m -Djava.net.preferIPv4Stack=true -Djboss.domain.master.address=127.0.0.239 -Djboss.home.dir=D:\clustering\jboss -Djboss.modules.system.pkgs=org.jboss.byteman -Djboss.server.log.dir=D:\clustering\jboss\domain\servers\server-two\log -Djboss.server.temp.dir=D:\clustering\jboss\domain\servers\server-two\tmp -Djboss.server.data.dir=D:\clustering\jboss\domain\servers\server-two\data -Dlogging.configuration=file:/D:/clustering/jboss/domain/servers/server-two/data/logging.properties 
2020-07-21 08:08:19,701 INFO  [org.xnio] (MSC service thread 1-4) XNIO version 3.7.7.Final-redhat-00001
2020-07-21 08:08:19,701 INFO  [org.xnio.nio] (MSC service thread 1-4) XNIO NIO Implementation Version 3.7.7.Final-redhat-00001
2020-07-21 08:08:20,091 INFO  [org.jboss.remoting] (MSC service thread 1-8) JBoss Remoting version 5.0.16.Final-redhat-00001
2020-07-21 08:08:20,668 INFO  [org.wildfly.security] (ServerService Thread Pool -- 2) ELY00001: WildFly Elytron version 1.10.4.Final-redhat-00001
2020-07-21 08:08:28,000 INFO  [org.jboss.as.controller.management-deprecated] (ServerService Thread Pool -- 35) WFLYCTL0028: Attribute 'security-realm' in the resource at address '/subsystem=undertow/server=default-server/https-listener=https' is deprecated, and may be removed in a future version. See the attribute description in the output of the read-resource-description operation to learn more about the deprecation.
2020-07-21 08:08:28,141 WARN  [org.jboss.as.txn] (ServerService Thread Pool -- 72) WFLYTX0013: The node-identifier attribute on the /subsystem=transactions is set to the default value. This is a danger for environments running multiple servers. Please make sure the attribute value is unique.
2020-07-21 08:08:28,156 INFO  [org.wildfly.extension.microprofile.config.smallrye._private] (ServerService Thread Pool -- 60) WFLYCONF0001: Activating WildFly MicroProfile Config Subsystem
2020-07-21 08:08:28,156 INFO  [org.jboss.as.jaxrs] (ServerService Thread Pool -- 52) WFLYRS0016: RESTEasy version 3.9.3.SP1-redhat-00001
2020-07-21 08:08:28,156 INFO  [org.jboss.as.security] (ServerService Thread Pool -- 69) WFLYSEC0002: Activating Security Subsystem
2020-07-21 08:08:28,156 INFO  [org.jboss.as.clustering.jgroups] (ServerService Thread Pool -- 55) WFLYCLJG0001: Activating JGroups subsystem. JGroups version 4.1.4
2020-07-21 08:08:28,156 INFO  [org.jboss.as.clustering.infinispan] (ServerService Thread Pool -- 50) WFLYCLINF0001: Activating Infinispan subsystem.
2020-07-21 08:08:28,172 INFO  [org.wildfly.extension.microprofile.opentracing] (ServerService Thread Pool -- 61) WFLYTRACEXT0001: Activating MicroProfile OpenTracing Subsystem
2020-07-21 08:08:28,172 INFO  [org.jboss.as.naming] (ServerService Thread Pool -- 63) WFLYNAM0001: Activating Naming Subsystem
2020-07-21 08:08:28,172 INFO  [org.jboss.as.security] (MSC service thread 1-4) WFLYSEC0001: Current PicketBox version=5.0.3.Final-redhat-00005
2020-07-21 08:08:28,172 INFO  [org.wildfly.extension.io] (ServerService Thread Pool -- 51) WFLYIO001: Worker 'default' has auto-configured to 8 core threads with 64 task threads based on your 4 available processors
2020-07-21 08:08:28,172 INFO  [org.jboss.as.jsf] (ServerService Thread Pool -- 58) WFLYJSF0007: Activated the following JSF Implementations: [main]
2020-07-21 08:08:28,203 INFO  [org.jboss.as.webservices] (ServerService Thread Pool -- 74) WFLYWS0002: Activating WebServices Extension
2020-07-21 08:08:28,219 INFO  [org.jboss.as.connector] (MSC service thread 1-7) WFLYJCA0009: Starting JCA Subsystem (WildFly/IronJacamar 1.4.19.Final-redhat-00001)
2020-07-21 08:08:28,219 INFO  [org.jboss.as.naming] (MSC service thread 1-1) WFLYNAM0003: Starting Naming Service
2020-07-21 08:08:28,234 INFO  [org.jboss.as.mail.extension] (MSC service thread 1-1) WFLYMAIL0001: Bound mail session [java:jboss/mail/Default]
2020-07-21 08:08:28,266 INFO  [org.wildfly.extension.undertow] (ServerService Thread Pool -- 73) WFLYUT0014: Creating file handler for path 'D:\clustering\jboss/welcome-content' with options [directory-listing: 'false', follow-symlink: 'false', case-sensitive: 'true', safe-symlink-paths: '[]']
2020-07-21 08:08:28,266 INFO  [org.wildfly.extension.undertow] (MSC service thread 1-7) WFLYUT0003: Undertow 2.0.28.SP1-redhat-00001 starting
2020-07-21 08:08:28,500 INFO  [org.jboss.as.connector.subsystems.datasources] (ServerService Thread Pool -- 43) WFLYJCA0004: Deploying JDBC-compliant driver class org.h2.Driver (version 1.4)
2020-07-21 08:08:28,515 INFO  [org.jboss.as.connector.deployers.jdbc] (MSC service thread 1-4) WFLYJCA0018: Started Driver service with driver-name = h2
2020-07-21 08:08:28,624 INFO  [org.jboss.as.ejb3] (MSC service thread 1-7) WFLYEJB0482: Strict pool mdb-strict-max-pool is using a max instance size of 16 (per class), which is derived from the number of CPUs on this host.
2020-07-21 08:08:28,640 INFO  [org.jboss.as.ejb3] (MSC service thread 1-3) WFLYEJB0481: Strict pool slsb-strict-max-pool is using a max instance size of 64 (per class), which is derived from thread worker pool sizing.
2020-07-21 08:08:28,749 INFO  [org.wildfly.extension.undertow] (MSC service thread 1-6) WFLYUT0012: Started server default-server.
2020-07-21 08:08:28,749 INFO  [org.wildfly.extension.undertow] (MSC service thread 1-3) WFLYUT0018: Host default-host starting
2020-07-21 08:08:28,812 INFO  [org.jboss.as.patching] (MSC service thread 1-7) WFLYPAT0050: JBoss EAP cumulative patch ID is: base, one-off patches include: none
2020-07-21 08:08:28,843 WARN  [org.jboss.as.domain.management.security] (MSC service thread 1-6) WFLYDM0111: Keystore D:\clustering\jboss\domain\configuration\application.keystore not found, it will be auto generated on first use with a self signed certificate for host localhost
2020-07-21 08:08:29,061 INFO  [org.wildfly.extension.undertow] (MSC service thread 1-8) WFLYUT0006: Undertow HTTP listener default listening on 127.0.0.250:8230
2020-07-21 08:08:29,061 INFO  [org.wildfly.extension.undertow] (MSC service thread 1-3) WFLYUT0006: Undertow AJP listener ajp listening on 127.0.0.250:8159
2020-07-21 08:08:29,077 INFO  [org.jboss.modcluster] (ServerService Thread Pool -- 76) MODCLUSTER000001: Initializing mod_cluster version 1.4.1.Final-redhat-00001
2020-07-21 08:08:29,092 INFO  [org.wildfly.extension.undertow] (MSC service thread 1-7) WFLYUT0006: Undertow HTTPS listener https listening on 127.0.0.250:8593
2020-07-21 08:08:29,092 INFO  [org.jboss.modcluster] (ServerService Thread Pool -- 76) MODCLUSTER000032: Listening to proxy advertisements on /224.0.1.105:23364
2020-07-21 08:08:29,108 WARN  [org.jboss.modcluster] (UndertowEventHandlerAdapterService - 1) MODCLUSTER000045: AverageSystemLoadMetric is not supported on this system and will be disabled.
2020-07-21 08:08:29,139 INFO  [org.jboss.as.ejb3] (MSC service thread 1-1) WFLYEJB0493: EJB subsystem suspension complete
2020-07-21 08:08:29,170 INFO  [org.jboss.ws.common.management] (MSC service thread 1-8) JBWS022052: Starting JBossWS 5.3.0.Final-redhat-00001 (Apache CXF 3.3.4.redhat-00001) 
2020-07-21 08:08:29,186 INFO  [org.jboss.as.connector.subsystems.datasources] (MSC service thread 1-8) WFLYJCA0001: Bound data source [java:jboss/datasources/ExampleDS]
2020-07-21 08:08:29,248 INFO  [org.jboss.as.server] (Controller Boot Thread) WFLYSRV0212: Resuming server
2020-07-21 08:08:29,248 INFO  [org.jboss.as] (Controller Boot Thread) WFLYSRV0025: JBoss EAP 7.3.0.GA (WildFly Core 10.1.2.Final-redhat-00001) started in 10420ms - Started 308 of 647 services (447 services are lazy, passive or on-demand)
2020-07-21 08:08:58,623 INFO  [org.jboss.as.server.deployment] (MSC service thread 1-1) WFLYSRV0027: Starting deployment of "httpsessionlogin.war" (runtime-name: "httpsessionlogin.war")
2020-07-21 08:09:05,440 INFO  [org.infinispan.factories.GlobalComponentRegistry] (MSC service thread 1-3) ISPN000128: Infinispan version: Red Hat Data Grid 'Infinity Minus ONE +2' 9.4.16.Final-redhat-00002
2020-07-21 08:09:05,596 INFO  [org.infinispan.remoting.transport.jgroups.JGroupsTransport] (MSC service thread 1-2) ISPN000078: Starting JGroups channel ejb
2020-07-21 08:09:05,596 INFO  [org.infinispan.remoting.transport.jgroups.JGroupsTransport] (MSC service thread 1-1) ISPN000078: Starting JGroups channel ejb
2020-07-21 08:09:05,596 INFO  [org.infinispan.remoting.transport.jgroups.JGroupsTransport] (MSC service thread 1-4) ISPN000078: Starting JGroups channel ejb
2020-07-21 08:09:05,596 INFO  [org.infinispan.remoting.transport.jgroups.JGroupsTransport] (MSC service thread 1-3) ISPN000078: Starting JGroups channel ejb
2020-07-21 08:09:07,437 INFO  [org.infinispan.CLUSTER] (MSC service thread 1-1) ISPN000094: Received new cluster view for channel ejb: [master:server-one|1] (2) [master:server-one, performance-pc:server-two]
2020-07-21 08:09:07,437 INFO  [org.infinispan.CLUSTER] (MSC service thread 1-2) ISPN000094: Received new cluster view for channel ejb: [master:server-one|1] (2) [master:server-one, performance-pc:server-two]
2020-07-21 08:09:07,437 INFO  [org.infinispan.CLUSTER] (MSC service thread 1-3) ISPN000094: Received new cluster view for channel ejb: [master:server-one|1] (2) [master:server-one, performance-pc:server-two]
2020-07-21 08:09:07,437 INFO  [org.infinispan.remoting.transport.jgroups.JGroupsTransport] (MSC service thread 1-1) ISPN000079: Channel ejb local address is performance-pc:server-two, physical addresses are [127.0.0.1:55350]
2020-07-21 08:09:07,437 INFO  [org.infinispan.remoting.transport.jgroups.JGroupsTransport] (MSC service thread 1-2) ISPN000079: Channel ejb local address is performance-pc:server-two, physical addresses are [127.0.0.1:55350]
2020-07-21 08:09:07,437 INFO  [org.infinispan.remoting.transport.jgroups.JGroupsTransport] (MSC service thread 1-3) ISPN000079: Channel ejb local address is performance-pc:server-two, physical addresses are [127.0.0.1:55350]
2020-07-21 08:09:07,453 INFO  [org.infinispan.CLUSTER] (MSC service thread 1-4) ISPN000094: Received new cluster view for channel ejb: [master:server-one|1] (2) [master:server-one, performance-pc:server-two]
2020-07-21 08:09:07,468 INFO  [org.infinispan.remoting.transport.jgroups.JGroupsTransport] (MSC service thread 1-4) ISPN000079: Channel ejb local address is performance-pc:server-two, physical addresses are [127.0.0.1:55350]
2020-07-21 08:09:07,562 INFO  [org.infinispan.configuration.cache.MemoryConfigurationBuilder] (MSC service thread 1-5) ISPN000152: Passivation configured without an eviction policy being selected. Only manually evicted entities will be passivated.
2020-07-21 08:09:07,562 INFO  [org.infinispan.configuration.cache.MemoryConfigurationBuilder] (MSC service thread 1-5) ISPN000152: Passivation configured without an eviction policy being selected. Only manually evicted entities will be passivated.
2020-07-21 08:09:07,983 INFO  [org.jboss.as.clustering.infinispan] (ServerService Thread Pool -- 79) WFLYCLINF0002: Started client-mappings cache from ejb container
2020-07-21 08:09:07,983 INFO  [org.jboss.as.clustering.infinispan] (ServerService Thread Pool -- 15) WFLYCLINF0002: Started default-server cache from web container
2020-07-21 08:09:07,983 INFO  [org.jboss.as.clustering.infinispan] (ServerService Thread Pool -- 27) WFLYCLINF0002: Started httpsessionlogin.war cache from web container
2020-07-21 08:09:08,264 INFO  [org.wildfly.extension.undertow] (ServerService Thread Pool -- 27) WFLYUT0021: Registered web context: '/httpsessionlogin' for server 'default-server'
2020-07-21 08:09:08,326 INFO  [org.jboss.as.server] (ServerService Thread Pool -- 25) WFLYSRV0010: Deployed "httpsessionlogin.war" (runtime-name : "httpsessionlogin.war")
2020-07-21 08:11:03,768 INFO  [org.infinispan.CLUSTER] (thread-13,ejb,performance-pc:server-two) ISPN000094: Received new cluster view for channel ejb: [performance-pc:server-two|2] (1) [performance-pc:server-two]
2020-07-21 08:11:03,768 INFO  [org.infinispan.CLUSTER] (thread-13,ejb,performance-pc:server-two) ISPN100001: Node master:server-one left the cluster
2020-07-21 08:11:03,768 INFO  [org.infinispan.CLUSTER] (thread-13,ejb,performance-pc:server-two) ISPN000094: Received new cluster view for channel ejb: [performance-pc:server-two|2] (1) [performance-pc:server-two]
2020-07-21 08:11:03,768 INFO  [org.infinispan.CLUSTER] (thread-13,ejb,performance-pc:server-two) ISPN100001: Node master:server-one left the cluster
2020-07-21 08:11:03,768 INFO  [org.infinispan.CLUSTER] (thread-13,ejb,performance-pc:server-two) ISPN000094: Received new cluster view for channel ejb: [performance-pc:server-two|2] (1) [performance-pc:server-two]
2020-07-21 08:11:03,768 INFO  [org.infinispan.CLUSTER] (thread-13,ejb,performance-pc:server-two) ISPN100001: Node master:server-one left the cluster
2020-07-21 08:11:03,768 INFO  [org.infinispan.CLUSTER] (thread-13,ejb,performance-pc:server-two) ISPN000094: Received new cluster view for channel ejb: [performance-pc:server-two|2] (1) [performance-pc:server-two]
2020-07-21 08:11:03,768 INFO  [org.infinispan.CLUSTER] (thread-13,ejb,performance-pc:server-two) ISPN100001: Node master:server-one left the cluster
2020-07-21 08:11:03,784 INFO  [org.infinispan.CLUSTER] (stateTransferExecutor-thread--p10-t6) [Context=httpsessionlogin.war] ISPN100007: After merge (or coordinator change), recovered members [performance-pc:server-two] with topology id 7
2020-07-21 08:11:03,784 INFO  [org.infinispan.CLUSTER] (stateTransferExecutor-thread--p20-t3) [Context=client-mappings] ISPN100007: After merge (or coordinator change), recovered members [performance-pc:server-two] with topology id 7
2020-07-21 08:11:03,784 INFO  [org.infinispan.CLUSTER] (stateTransferExecutor-thread--p10-t61) [Context=default-server] ISPN100007: After merge (or coordinator change), recovered members [performance-pc:server-two] with topology id 7
2020-07-21 08:11:08,214 INFO  [stdout] (default task-1) ===welcome to profile=======================================================
2020-07-21 08:11:08,729 INFO  [stdout] (default task-1) ===welcome to profile=======================================================
2020-07-21 08:11:09,057 INFO  [stdout] (default task-1) ===welcome to profile=======================================================
2020-07-21 08:11:09,306 INFO  [stdout] (default task-1) ===welcome to profile=======================================================
2020-07-21 08:11:09,540 INFO  [stdout] (default task-1) ===welcome to profile=======================================================
2020-07-21 08:11:09,774 INFO  [stdout] (default task-1) ===welcome to profile=======================================================
2020-07-21 08:11:10,024 INFO  [stdout] (default task-1) ===welcome to profile=======================================================
2020-07-21 08:11:10,242 INFO  [stdout] (default task-1) ===welcome to profile=======================================================
2020-07-21 08:11:10,430 INFO  [stdout] (default task-1) ===welcome to profile=======================================================
2020-07-21 08:12:18,898 INFO  [org.jboss.as.server] (main) WFLYSRV0240: ProcessController has signalled to shut down; shutting down
2020-07-21 08:12:18,898 INFO  [org.jboss.as.server] (Thread-2) WFLYSRV0272: Suspending server
2020-07-21 08:12:18,898 INFO  [org.jboss.modcluster] (Thread-2) MODCLUSTER000021: All pending requests drained from default-host:/httpsessionlogin in 0.0 seconds
2020-07-21 08:12:18,898 INFO  [org.jboss.as.ejb3] (Thread-2) WFLYEJB0493: EJB subsystem suspension complete
2020-07-21 08:12:18,929 INFO  [org.jboss.as.mail.extension] (MSC service thread 1-5) WFLYMAIL0002: Unbound mail session [java:jboss/mail/Default]
2020-07-21 08:12:18,945 INFO  [org.infinispan.remoting.transport.jgroups.JGroupsTransport] (MSC service thread 1-5) ISPN000080: Disconnecting JGroups channel ejb
2020-07-21 08:12:18,945 INFO  [org.infinispan.remoting.transport.jgroups.JGroupsTransport] (MSC service thread 1-6) ISPN000080: Disconnecting JGroups channel ejb
2020-07-21 08:12:18,960 INFO  [org.jboss.modcluster] (ServerService Thread Pool -- 25) MODCLUSTER000021: All pending requests drained from default-host:/httpsessionlogin in 0.0 seconds
2020-07-21 08:12:18,960 INFO  [org.wildfly.extension.undertow] (ServerService Thread Pool -- 25) WFLYUT0022: Unregistered web context: '/httpsessionlogin' from server 'default-server'
2020-07-21 08:12:18,960 INFO  [org.wildfly.extension.undertow] (MSC service thread 1-8) WFLYUT0019: Host default-host stopping
2020-07-21 08:12:18,976 INFO  [org.jboss.as.connector.subsystems.datasources] (MSC service thread 1-4) WFLYJCA0010: Unbound data source [java:jboss/datasources/ExampleDS]
2020-07-21 08:12:18,976 INFO  [org.jboss.modcluster] (ServerService Thread Pool -- 85) MODCLUSTER000002: Initiating mod_cluster shutdown
2020-07-21 08:12:18,976 INFO  [org.jboss.as.connector.deployers.jdbc] (MSC service thread 1-7) WFLYJCA0019: Stopped Driver service with driver-name = h2
2020-07-21 08:12:18,992 INFO  [org.jboss.as.clustering.infinispan] (ServerService Thread Pool -- 27) WFLYCLINF0003: Stopped default-server cache from web container
2020-07-21 08:12:18,992 INFO  [org.infinispan.eviction.impl.PassivationManagerImpl] (ServerService Thread Pool -- 25) ISPN000029: Passivating all entries to disk
2020-07-21 08:12:18,992 INFO  [org.jboss.as.clustering.infinispan] (ServerService Thread Pool -- 27) WFLYCLINF0003: Stopped client-mappings cache from ejb container
2020-07-21 08:12:18,992 INFO  [org.infinispan.remoting.transport.jgroups.JGroupsTransport] (MSC service thread 1-5) ISPN000080: Disconnecting JGroups channel ejb
2020-07-21 08:12:19,007 INFO  [org.infinispan.eviction.impl.PassivationManagerImpl] (ServerService Thread Pool -- 25) ISPN000030: Passivated 3 entries in 17 milliseconds
2020-07-21 08:12:19,007 INFO  [org.jboss.as.clustering.infinispan] (ServerService Thread Pool -- 25) WFLYCLINF0003: Stopped httpsessionlogin.war cache from web container
2020-07-21 08:12:19,007 INFO  [org.infinispan.remoting.transport.jgroups.JGroupsTransport] (MSC service thread 1-2) ISPN000080: Disconnecting JGroups channel ejb
2020-07-21 08:12:19,038 INFO  [org.wildfly.extension.undertow] (MSC service thread 1-2) WFLYUT0008: Undertow HTTPS listener https suspending
2020-07-21 08:12:19,038 INFO  [org.wildfly.extension.undertow] (MSC service thread 1-6) WFLYUT0008: Undertow AJP listener ajp suspending
2020-07-21 08:12:19,038 INFO  [org.wildfly.extension.undertow] (MSC service thread 1-5) WFLYUT0008: Undertow HTTP listener default suspending
2020-07-21 08:12:19,038 INFO  [org.wildfly.extension.undertow] (MSC service thread 1-2) WFLYUT0007: Undertow HTTPS listener https stopped, was bound to 127.0.0.250:8593
2020-07-21 08:12:19,038 INFO  [org.wildfly.extension.undertow] (MSC service thread 1-6) WFLYUT0007: Undertow AJP listener ajp stopped, was bound to 127.0.0.250:8159
2020-07-21 08:12:19,038 INFO  [org.wildfly.extension.undertow] (MSC service thread 1-5) WFLYUT0007: Undertow HTTP listener default stopped, was bound to 127.0.0.250:8230
2020-07-21 08:12:19,038 INFO  [org.wildfly.extension.undertow] (MSC service thread 1-6) WFLYUT0004: Undertow 2.0.28.SP1-redhat-00001 stopping
2020-07-21 08:12:19,054 INFO  [org.jboss.as.server.deployment] (MSC service thread 1-1) WFLYSRV0028: Stopped deployment httpsessionlogin.war (runtime-name: httpsessionlogin.war) in 141ms
2020-07-21 08:12:19,070 INFO  [org.jboss.as] (MSC service thread 1-3) WFLYSRV0050: JBoss EAP 7.3.0.GA (WildFly Core 10.1.2.Final-redhat-00001) stopped in 154ms
